22:35:11 **** Incremental Build of configuration Debug for project uart2fdcan ****
make -j28 all 
arm-none-eabi-gcc "../App/ap/ap.c" -mcpu=cortex-m4 -std=gnu11 -g3 -DDEBUG -DUSE_HAL_DRIVER -DSTM32G431xx -c -I../Core/Inc -I../Drivers/STM32G4xx_HAL_Driver/Inc -I../Drivers/STM32G4xx_HAL_Driver/Inc/Legacy -I../Drivers/CMSIS/Device/ST/STM32G4xx/Include -I../Drivers/CMSIS/Include -I"D:/mcu/stm32g4_uart2fdcan/firmware/uart2fdcan/App/hw" -I"D:/mcu/stm32g4_uart2fdcan/firmware/uart2fdcan/App/common/hw" -I"D:/mcu/stm32g4_uart2fdcan/firmware/uart2fdcan/App/common/hw/include" -I"D:/mcu/stm32g4_uart2fdcan/firmware/uart2fdcan/App/common" -I"D:/mcu/stm32g4_uart2fdcan/firmware/uart2fdcan/App/common/core" -I"D:/mcu/stm32g4_uart2fdcan/firmware/uart2fdcan/App/ap" -I"D:/mcu/stm32g4_uart2fdcan/firmware/uart2fdcan/App/bsp" -O0 -ffunction-sections -fdata-sections -Wall -fstack-usage -fcyclomatic-complexity -MMD -MP -MF"App/ap/ap.d" -MT"App/ap/ap.o" --specs=nano.specs -mfpu=fpv4-sp-d16 -mfloat-abi=hard -mthumb -o "App/ap/ap.o"
arm-none-eabi-gcc -o "uart2fdcan.elf" @"objects.list"   -mcpu=cortex-m4 -T"D:\mcu\stm32g4_uart2fdcan\firmware\uart2fdcan\STM32G431KBUX_FLASH.ld" --specs=nosys.specs -Wl,-Map="uart2fdcan.map" -Wl,--gc-sections -static --specs=nano.specs -mfpu=fpv4-sp-d16 -mfloat-abi=hard -mthumb -Wl,--start-group -lc -lm -Wl,--end-group
Finished building target: uart2fdcan.elf
 
arm-none-eabi-size  uart2fdcan.elf 
arm-none-eabi-objdump -h -S uart2fdcan.elf  > "uart2fdcan.list"
   text	   data	    bss	    dec	    hex	filename
  55684	   2624	  13288	  71596	  117ac	uart2fdcan.elf
Finished building: default.size.stdout
 
Finished building: uart2fdcan.list
 
22:35:59 **** Incremental Build of configuration Debug for project uart2fdcan ****
make -j28 all 
arm-none-eabi-gcc "../App/ap/ap.c" -mcpu=cortex-m4 -std=gnu11 -g3 -DDEBUG -DUSE_HAL_DRIVER -DSTM32G431xx -c -I../Core/Inc -I../Drivers/STM32G4xx_HAL_Driver/Inc -I../Drivers/STM32G4xx_HAL_Driver/Inc/Legacy -I../Drivers/CMSIS/Device/ST/STM32G4xx/Include -I../Drivers/CMSIS/Include -I"D:/mcu/stm32g4_uart2fdcan/firmware/uart2fdcan/App/hw" -I"D:/mcu/stm32g4_uart2fdcan/firmware/uart2fdcan/App/common/hw" -I"D:/mcu/stm32g4_uart2fdcan/firmware/uart2fdcan/App/common/hw/include" -I"D:/mcu/stm32g4_uart2fdcan/firmware/uart2fdcan/App/common" -I"D:/mcu/stm32g4_uart2fdcan/firmware/uart2fdcan/App/common/core" -I"D:/mcu/stm32g4_uart2fdcan/firmware/uart2fdcan/App/ap" -I"D:/mcu/stm32g4_uart2fdcan/firmware/uart2fdcan/App/bsp" -O0 -ffunction-sections -fdata-sections -Wall -fstack-usage -fcyclomatic-complexity -MMD -MP -MF"App/ap/ap.d" -MT"App/ap/ap.o" --specs=nano.specs -mfpu=fpv4-sp-d16 -mfloat-abi=hard -mthumb -o "App/ap/ap.o"
../App/ap/ap.c: In function 'canLedStatus':
../App/ap/ap.c:13:25: warning: unused variable 'pre_time' [-Wunused-variable]
   13 |         static uint32_t pre_time = 0;
      |                         ^~~~~~~~
arm-none-eabi-gcc -o "uart2fdcan.elf" @"objects.list"   -mcpu=cortex-m4 -T"D:\mcu\stm32g4_uart2fdcan\firmware\uart2fdcan\STM32G431KBUX_FLASH.ld" --specs=nosys.specs -Wl,-Map="uart2fdcan.map" -Wl,--gc-sections -static --specs=nano.specs -mfpu=fpv4-sp-d16 -mfloat-abi=hard -mthumb -Wl,--start-group -lc -lm -Wl,--end-group
Finished building target: uart2fdcan.elf
 
arm-none-eabi-size  uart2fdcan.elf 
arm-none-eabi-objdump -h -S uart2fdcan.elf  > "uart2fdcan.list"
   text	   data	    bss	    dec	    hex	filename
  55620	   2624	  13288	  71532	  1176c	uart2fdcan.elf
Finished building: default.size.stdout
 
Finished building: uart2fdcan.list
 
22:36:34 **** Incremental Build of configuration Debug for project uart2fdcan ****
make -j28 all 
arm-none-eabi-gcc "../App/ap/ap.c" -mcpu=cortex-m4 -std=gnu11 -g3 -DDEBUG -DUSE_HAL_DRIVER -DSTM32G431xx -c -I../Core/Inc -I../Drivers/STM32G4xx_HAL_Driver/Inc -I../Drivers/STM32G4xx_HAL_Driver/Inc/Legacy -I../Drivers/CMSIS/Device/ST/STM32G4xx/Include -I../Drivers/CMSIS/Include -I"D:/mcu/stm32g4_uart2fdcan/firmware/uart2fdcan/App/hw" -I"D:/mcu/stm32g4_uart2fdcan/firmware/uart2fdcan/App/common/hw" -I"D:/mcu/stm32g4_uart2fdcan/firmware/uart2fdcan/App/common/hw/include" -I"D:/mcu/stm32g4_uart2fdcan/firmware/uart2fdcan/App/common" -I"D:/mcu/stm32g4_uart2fdcan/firmware/uart2fdcan/App/common/core" -I"D:/mcu/stm32g4_uart2fdcan/firmware/uart2fdcan/App/ap" -I"D:/mcu/stm32g4_uart2fdcan/firmware/uart2fdcan/App/bsp" -O0 -ffunction-sections -fdata-sections -Wall -fstack-usage -fcyclomatic-complexity -MMD -MP -MF"App/ap/ap.d" -MT"App/ap/ap.o" --specs=nano.specs -mfpu=fpv4-sp-d16 -mfloat-abi=hard -mthumb -o "App/ap/ap.o"
../App/ap/ap.c: In function 'apMain':
../App/ap/ap.c:57:49: error: 'led_blink_flag' undeclared (first use in this function); did you mean 'led_blink_500ms_flag'?
   57 |                         led_blink_500ms_flag = !led_blink_flag;
      |                                                 ^~~~~~~~~~~~~~
      |                                                 led_blink_500ms_flag
../App/ap/ap.c:57:49: note: each undeclared identifier is reported only once for each function it appears in
make: *** [App/ap/subdir.mk:19: App/ap/ap.o] Error 1
"make -j28 all" terminated with exit code 2. Build might be incomplete.
22:36:40 **** Incremental Build of configuration Debug for project uart2fdcan ****
make -j28 all 
arm-none-eabi-gcc "../App/ap/ap.c" -mcpu=cortex-m4 -std=gnu11 -g3 -DDEBUG -DUSE_HAL_DRIVER -DSTM32G431xx -c -I../Core/Inc -I../Drivers/STM32G4xx_HAL_Driver/Inc -I../Drivers/STM32G4xx_HAL_Driver/Inc/Legacy -I../Drivers/CMSIS/Device/ST/STM32G4xx/Include -I../Drivers/CMSIS/Include -I"D:/mcu/stm32g4_uart2fdcan/firmware/uart2fdcan/App/hw" -I"D:/mcu/stm32g4_uart2fdcan/firmware/uart2fdcan/App/common/hw" -I"D:/mcu/stm32g4_uart2fdcan/firmware/uart2fdcan/App/common/hw/include" -I"D:/mcu/stm32g4_uart2fdcan/firmware/uart2fdcan/App/common" -I"D:/mcu/stm32g4_uart2fdcan/firmware/uart2fdcan/App/common/core" -I"D:/mcu/stm32g4_uart2fdcan/firmware/uart2fdcan/App/ap" -I"D:/mcu/stm32g4_uart2fdcan/firmware/uart2fdcan/App/bsp" -O0 -ffunction-sections -fdata-sections -Wall -fstack-usage -fcyclomatic-complexity -MMD -MP -MF"App/ap/ap.d" -MT"App/ap/ap.o" --specs=nano.specs -mfpu=fpv4-sp-d16 -mfloat-abi=hard -mthumb -o "App/ap/ap.o"
arm-none-eabi-gcc -o "uart2fdcan.elf" @"objects.list"   -mcpu=cortex-m4 -T"D:\mcu\stm32g4_uart2fdcan\firmware\uart2fdcan\STM32G431KBUX_FLASH.ld" --specs=nosys.specs -Wl,-Map="uart2fdcan.map" -Wl,--gc-sections -static --specs=nano.specs -mfpu=fpv4-sp-d16 -mfloat-abi=hard -mthumb -Wl,--start-group -lc -lm -Wl,--end-group
Finished building target: uart2fdcan.elf
 
arm-none-eabi-size  uart2fdcan.elf 
arm-none-eabi-objdump -h -S uart2fdcan.elf  > "uart2fdcan.list"
   text	   data	    bss	    dec	    hex	filename
  55620	   2624	  13288	  71532	  1176c	uart2fdcan.elf
Finished building: default.size.stdout
 
Finished building: uart2fdcan.list
 
22:45:00 **** Incremental Build of configuration Debug for project uart2fdcan ****
make -j28 all 
arm-none-eabi-gcc "../App/hw/driver/led.c" -mcpu=cortex-m4 -std=gnu11 -g3 -DDEBUG -DUSE_HAL_DRIVER -DSTM32G431xx -c -I../Core/Inc -I../Drivers/STM32G4xx_HAL_Driver/Inc -I../Drivers/STM32G4xx_HAL_Driver/Inc/Legacy -I../Drivers/CMSIS/Device/ST/STM32G4xx/Include -I../Drivers/CMSIS/Include -I"D:/mcu/stm32g4_uart2fdcan/firmware/uart2fdcan/App/hw" -I"D:/mcu/stm32g4_uart2fdcan/firmware/uart2fdcan/App/common/hw" -I"D:/mcu/stm32g4_uart2fdcan/firmware/uart2fdcan/App/common/hw/include" -I"D:/mcu/stm32g4_uart2fdcan/firmware/uart2fdcan/App/common" -I"D:/mcu/stm32g4_uart2fdcan/firmware/uart2fdcan/App/common/core" -I"D:/mcu/stm32g4_uart2fdcan/firmware/uart2fdcan/App/ap" -I"D:/mcu/stm32g4_uart2fdcan/firmware/uart2fdcan/App/bsp" -O0 -ffunction-sections -fdata-sections -Wall -fstack-usage -fcyclomatic-complexity -MMD -MP -MF"App/hw/driver/led.d" -MT"App/hw/driver/led.o" --specs=nano.specs -mfpu=fpv4-sp-d16 -mfloat-abi=hard -mthumb -o "App/hw/driver/led.o"
../App/hw/driver/led.c:27:20: error: unknown type name 'cli_args_t'
   27 | static void cliLed(cli_args_t *args);
      |                    ^~~~~~~~~~
../App/hw/driver/led.c: In function 'ledInit':
../App/hw/driver/led.c:35:3: warning: implicit declaration of function 'cliAdd' [-Wimplicit-function-declaration]
   35 |   cliAdd("led", cliLed);
      |   ^~~~~~
../App/hw/driver/led.c:35:17: error: 'cliLed' undeclared (first use in this function)
   35 |   cliAdd("led", cliLed);
      |                 ^~~~~~
../App/hw/driver/led.c:35:17: note: each undeclared identifier is reported only once for each function it appears in
../App/hw/driver/led.c: At top level:
../App/hw/driver/led.c:62:13: error: unknown type name 'cli_args_t'
   62 | void cliLed(cli_args_t *args)
      |             ^~~~~~~~~~
make: *** [App/hw/driver/subdir.mk:76: App/hw/driver/led.o] Error 1
"make -j28 all" terminated with exit code 2. Build might be incomplete.
22:45:15 **** Incremental Build of configuration Debug for project uart2fdcan ****
make -j28 all 
arm-none-eabi-gcc "../App/hw/driver/led.c" -mcpu=cortex-m4 -std=gnu11 -g3 -DDEBUG -DUSE_HAL_DRIVER -DSTM32G431xx -c -I../Core/Inc -I../Drivers/STM32G4xx_HAL_Driver/Inc -I../Drivers/STM32G4xx_HAL_Driver/Inc/Legacy -I../Drivers/CMSIS/Device/ST/STM32G4xx/Include -I../Drivers/CMSIS/Include -I"D:/mcu/stm32g4_uart2fdcan/firmware/uart2fdcan/App/hw" -I"D:/mcu/stm32g4_uart2fdcan/firmware/uart2fdcan/App/common/hw" -I"D:/mcu/stm32g4_uart2fdcan/firmware/uart2fdcan/App/common/hw/include" -I"D:/mcu/stm32g4_uart2fdcan/firmware/uart2fdcan/App/common" -I"D:/mcu/stm32g4_uart2fdcan/firmware/uart2fdcan/App/common/core" -I"D:/mcu/stm32g4_uart2fdcan/firmware/uart2fdcan/App/ap" -I"D:/mcu/stm32g4_uart2fdcan/firmware/uart2fdcan/App/bsp" -O0 -ffunction-sections -fdata-sections -Wall -fstack-usage -fcyclomatic-complexity -MMD -MP -MF"App/hw/driver/led.d" -MT"App/hw/driver/led.o" --specs=nano.specs -mfpu=fpv4-sp-d16 -mfloat-abi=hard -mthumb -o "App/hw/driver/led.o"
arm-none-eabi-gcc -o "uart2fdcan.elf" @"objects.list"   -mcpu=cortex-m4 -T"D:\mcu\stm32g4_uart2fdcan\firmware\uart2fdcan\STM32G431KBUX_FLASH.ld" --specs=nosys.specs -Wl,-Map="uart2fdcan.map" -Wl,--gc-sections -static --specs=nano.specs -mfpu=fpv4-sp-d16 -mfloat-abi=hard -mthumb -Wl,--start-group -lc -lm -Wl,--end-group
Finished building target: uart2fdcan.elf
 
arm-none-eabi-size  uart2fdcan.elf 
arm-none-eabi-objdump -h -S uart2fdcan.elf  > "uart2fdcan.list"
   text	   data	    bss	    dec	    hex	filename
  56020	   2624	  13288	  71932	  118fc	uart2fdcan.elf
Finished building: default.size.stdout
 
Finished building: uart2fdcan.list
 
22:45:18 **** Incremental Build of configuration Debug for project uart2fdcan ****
make -j28 all 
arm-none-eabi-size  uart2fdcan.elf 
   text	   data	    bss	    dec	    hex	filename
  56020	   2624	  13288	  71932	  118fc	uart2fdcan.elf
Finished building: default.size.stdout
 
22:45:52 **** Incremental Build of configuration Debug for project uart2fdcan ****
make -j28 all 
arm-none-eabi-gcc "../App/hw/driver/led.c" -mcpu=cortex-m4 -std=gnu11 -g3 -DDEBUG -DUSE_HAL_DRIVER -DSTM32G431xx -c -I../Core/Inc -I../Drivers/STM32G4xx_HAL_Driver/Inc -I../Drivers/STM32G4xx_HAL_Driver/Inc/Legacy -I../Drivers/CMSIS/Device/ST/STM32G4xx/Include -I../Drivers/CMSIS/Include -I"D:/mcu/stm32g4_uart2fdcan/firmware/uart2fdcan/App/hw" -I"D:/mcu/stm32g4_uart2fdcan/firmware/uart2fdcan/App/common/hw" -I"D:/mcu/stm32g4_uart2fdcan/firmware/uart2fdcan/App/common/hw/include" -I"D:/mcu/stm32g4_uart2fdcan/firmware/uart2fdcan/App/common" -I"D:/mcu/stm32g4_uart2fdcan/firmware/uart2fdcan/App/common/core" -I"D:/mcu/stm32g4_uart2fdcan/firmware/uart2fdcan/App/ap" -I"D:/mcu/stm32g4_uart2fdcan/firmware/uart2fdcan/App/bsp" -O0 -ffunction-sections -fdata-sections -Wall -fstack-usage -fcyclomatic-complexity -MMD -MP -MF"App/hw/driver/led.d" -MT"App/hw/driver/led.o" --specs=nano.specs -mfpu=fpv4-sp-d16 -mfloat-abi=hard -mthumb -o "App/hw/driver/led.o"
arm-none-eabi-gcc -o "uart2fdcan.elf" @"objects.list"   -mcpu=cortex-m4 -T"D:\mcu\stm32g4_uart2fdcan\firmware\uart2fdcan\STM32G431KBUX_FLASH.ld" --specs=nosys.specs -Wl,-Map="uart2fdcan.map" -Wl,--gc-sections -static --specs=nano.specs -mfpu=fpv4-sp-d16 -mfloat-abi=hard -mthumb -Wl,--start-group -lc -lm -Wl,--end-group
Finished building target: uart2fdcan.elf
 
arm-none-eabi-size  uart2fdcan.elf 
arm-none-eabi-objdump -h -S uart2fdcan.elf  > "uart2fdcan.list"
   text	   data	    bss	    dec	    hex	filename
  56020	   2624	  13288	  71932	  118fc	uart2fdcan.elf
Finished building: default.size.stdout
 
Finished building: uart2fdcan.list
 
22:46:05 **** Incremental Build of configuration Debug for project uart2fdcan ****
make -j28 all 
arm-none-eabi-gcc "../App/hw/driver/led.c" -mcpu=cortex-m4 -std=gnu11 -g3 -DDEBUG -DUSE_HAL_DRIVER -DSTM32G431xx -c -I../Core/Inc -I../Drivers/STM32G4xx_HAL_Driver/Inc -I../Drivers/STM32G4xx_HAL_Driver/Inc/Legacy -I../Drivers/CMSIS/Device/ST/STM32G4xx/Include -I../Drivers/CMSIS/Include -I"D:/mcu/stm32g4_uart2fdcan/firmware/uart2fdcan/App/hw" -I"D:/mcu/stm32g4_uart2fdcan/firmware/uart2fdcan/App/common/hw" -I"D:/mcu/stm32g4_uart2fdcan/firmware/uart2fdcan/App/common/hw/include" -I"D:/mcu/stm32g4_uart2fdcan/firmware/uart2fdcan/App/common" -I"D:/mcu/stm32g4_uart2fdcan/firmware/uart2fdcan/App/common/core" -I"D:/mcu/stm32g4_uart2fdcan/firmware/uart2fdcan/App/ap" -I"D:/mcu/stm32g4_uart2fdcan/firmware/uart2fdcan/App/bsp" -O0 -ffunction-sections -fdata-sections -Wall -fstack-usage -fcyclomatic-complexity -MMD -MP -MF"App/hw/driver/led.d" -MT"App/hw/driver/led.o" --specs=nano.specs -mfpu=fpv4-sp-d16 -mfloat-abi=hard -mthumb -o "App/hw/driver/led.o"
arm-none-eabi-gcc -o "uart2fdcan.elf" @"objects.list"   -mcpu=cortex-m4 -T"D:\mcu\stm32g4_uart2fdcan\firmware\uart2fdcan\STM32G431KBUX_FLASH.ld" --specs=nosys.specs -Wl,-Map="uart2fdcan.map" -Wl,--gc-sections -static --specs=nano.specs -mfpu=fpv4-sp-d16 -mfloat-abi=hard -mthumb -Wl,--start-group -lc -lm -Wl,--end-group
Finished building target: uart2fdcan.elf
 
arm-none-eabi-size  uart2fdcan.elf 
arm-none-eabi-objdump -h -S uart2fdcan.elf  > "uart2fdcan.list"
   text	   data	    bss	    dec	    hex	filename
  56012	   2624	  13288	  71924	  118f4	uart2fdcan.elf
Finished building: default.size.stdout
 
Finished building: uart2fdcan.list
 
22:46:38 **** Incremental Build of configuration Debug for project uart2fdcan ****
make -j28 all 
arm-none-eabi-gcc "../App/hw/driver/led.c" -mcpu=cortex-m4 -std=gnu11 -g3 -DDEBUG -DUSE_HAL_DRIVER -DSTM32G431xx -c -I../Core/Inc -I../Drivers/STM32G4xx_HAL_Driver/Inc -I../Drivers/STM32G4xx_HAL_Driver/Inc/Legacy -I../Drivers/CMSIS/Device/ST/STM32G4xx/Include -I../Drivers/CMSIS/Include -I"D:/mcu/stm32g4_uart2fdcan/firmware/uart2fdcan/App/hw" -I"D:/mcu/stm32g4_uart2fdcan/firmware/uart2fdcan/App/common/hw" -I"D:/mcu/stm32g4_uart2fdcan/firmware/uart2fdcan/App/common/hw/include" -I"D:/mcu/stm32g4_uart2fdcan/firmware/uart2fdcan/App/common" -I"D:/mcu/stm32g4_uart2fdcan/firmware/uart2fdcan/App/common/core" -I"D:/mcu/stm32g4_uart2fdcan/firmware/uart2fdcan/App/ap" -I"D:/mcu/stm32g4_uart2fdcan/firmware/uart2fdcan/App/bsp" -O0 -ffunction-sections -fdata-sections -Wall -fstack-usage -fcyclomatic-complexity -MMD -MP -MF"App/hw/driver/led.d" -MT"App/hw/driver/led.o" --specs=nano.specs -mfpu=fpv4-sp-d16 -mfloat-abi=hard -mthumb -o "App/hw/driver/led.o"
arm-none-eabi-gcc -o "uart2fdcan.elf" @"objects.list"   -mcpu=cortex-m4 -T"D:\mcu\stm32g4_uart2fdcan\firmware\uart2fdcan\STM32G431KBUX_FLASH.ld" --specs=nosys.specs -Wl,-Map="uart2fdcan.map" -Wl,--gc-sections -static --specs=nano.specs -mfpu=fpv4-sp-d16 -mfloat-abi=hard -mthumb -Wl,--start-group -lc -lm -Wl,--end-group
Finished building target: uart2fdcan.elf
 
arm-none-eabi-size  uart2fdcan.elf 
arm-none-eabi-objdump -h -S uart2fdcan.elf  > "uart2fdcan.list"
   text	   data	    bss	    dec	    hex	filename
  56012	   2624	  13288	  71924	  118f4	uart2fdcan.elf
Finished building: default.size.stdout
 
Finished building: uart2fdcan.list
 
22:46:45 **** Incremental Build of configuration Debug for project uart2fdcan ****
make -j28 all 
arm-none-eabi-size  uart2fdcan.elf 
   text	   data	    bss	    dec	    hex	filename
  56012	   2624	  13288	  71924	  118f4	uart2fdcan.elf
Finished building: default.size.stdout
 
